<?xml version="1.0" encoding="UTF-8"?>
<!-- Generated by org.testng.reporters.JUnitReportReporter -->
<testsuite hostname="DESKTOP-MDQHQAV" name="Test.RunningTestsWithoutJava" tests="2" failures="0" timestamp="22 Mar 2019 18:18:55 GMT" time="0.008" errors="0">
  <testcase name="demoTestNg" time="0.006" classname="Test.RunningTestsWithoutJava"/>
  <testcase name="secondTest" time="0.002" classname="Test.RunningTestsWithoutJava"/>
</testsuite> <!-- Test.RunningTestsWithoutJava -->
