<?xml version="1.0" encoding="UTF-8"?>
<!-- Generated by org.testng.reporters.JUnitReportReporter -->
<testsuite hostname="DESKTOP-MDQHQAV" name="Test.RunningTestsWithoutJava" tests="2" failures="0" timestamp="22 Mar 2019 18:53:18 GMT" time="0.016" errors="0">
  <testcase name="secondTest" time="0.000" classname="Test.RunningTestsWithoutJava"/>
  <testcase name="demoTestNg" time="0.016" classname="Test.RunningTestsWithoutJava"/>
</testsuite> <!-- Test.RunningTestsWithoutJava -->
