<?xml version="1.0" encoding="UTF-8"?>
<!-- Generated by org.testng.reporters.JUnitReportReporter -->
<testsuite hostname="DESKTOP-MDQHQAV" name="Test.globalParametersDemo" tests="1" failures="0" timestamp="23 Mar 2019 05:26:19 GMT" time="18.193" errors="0">
  <testcase name="WebLogin" time="18.193" classname="Test.globalParametersDemo"/>
</testsuite> <!-- Test.globalParametersDemo -->
