<?xml version="1.0" encoding="UTF-8"?>
<!-- Generated by org.testng.reporters.JUnitReportReporter -->
<testsuite hostname="DESKTOP-MDQHQAV" name="Test.day4" tests="3" failures="0" timestamp="22 Mar 2019 18:37:54 GMT" time="0.032" errors="0">
  <testcase name="APILoginHomeLoan" time="0.016" classname="Test.day4"/>
  <testcase name="MobileLoginHomeLoan" time="0.016" classname="Test.day4"/>
  <testcase name="WebLoginHomeLoan" time="0.000" classname="Test.day4"/>
</testsuite> <!-- Test.day4 -->
