<?xml version="1.0" encoding="UTF-8"?>
<!-- Generated by org.testng.reporters.JUnitReportReporter -->
<testsuite hostname="DESKTOP-MDQHQAV" name="Test.day3" tests="7" failures="0" timestamp="22 Mar 2019 18:37:54 GMT" time="0.004" errors="0">
  <testcase name="APISignInCarLoan" time="0.001" classname="Test.day3"/>
  <testcase name="APILoginCarLoan" time="0.001" classname="Test.day3"/>
  <testcase name="WebLoginCarLoan" time="0.000" classname="Test.day3"/>
  <testcase name="WebLoginCarLoan" time="0.000" classname="Test.day3"/>
  <testcase name="MobileSignOutCarLoan" time="0.000" classname="Test.day3"/>
  <testcase name="MobileLoginCarLoan" time="0.001" classname="Test.day3"/>
  <testcase name="WebLoginCarLoan" time="0.001" classname="Test.day3"/>
</testsuite> <!-- Test.day3 -->
