<?xml version="1.0" encoding="UTF-8"?>
<!-- Generated by org.testng.reporters.JUnitReportReporter -->
<testsuite hostname="DESKTOP-MDQHQAV" name="test.Basics" tests="1" failures="0" timestamp="15 Mar 2019 16:29:11 GMT" time="6.452" errors="0">
  <testcase name="OpenBrowser" time="6.452" classname="test.Basics"/>
</testsuite> <!-- test.Basics -->
