<?xml version="1.0" encoding="UTF-8"?>
<!-- Generated by org.testng.reporters.JUnitReportReporter -->
<testsuite hostname="DESKTOP-MDQHQAV" name="test.carLoanTCs" tests="4" failures="0" timestamp="15 Mar 2019 16:25:18 GMT" time="0.004" errors="0">
  <testcase name="WebLoginCarloan" time="0.001" classname="test.carLoanTCs"/>
  <testcase name="WebLoginCarloan" time="0.001" classname="test.carLoanTCs"/>
  <testcase name="WebLoginCarloan" time="0.000" classname="test.carLoanTCs"/>
  <testcase name="APILoginCarLoan" time="0.002" classname="test.carLoanTCs"/>
</testsuite> <!-- test.carLoanTCs -->
