<?xml version="1.0" encoding="UTF-8"?>
<!-- Generated by org.testng.reporters.JUnitReportReporter -->
<testsuite hostname="DESKTOP-MDQHQAV" name="test.Basics" tests="2" failures="0" timestamp="21 Mar 2019 18:27:41 GMT" time="19.714" errors="0">
  <testcase name="OpenBrowser" time="9.196" classname="test.Basics"/>
  <testcase name="Demo" time="10.518" classname="test.Basics"/>
</testsuite> <!-- test.Basics -->
