<?xml version="1.0" encoding="UTF-8"?>
<!-- Generated by org.testng.reporters.JUnitReportReporter -->
<testsuite hostname="DESKTOP-MDQHQAV" name="test.Basics2" tests="1" failures="0" timestamp="15 Mar 2019 16:25:18 GMT" time="0.008" errors="0">
  <testcase name="Test3" time="0.008" classname="test.Basics2"/>
</testsuite> <!-- test.Basics2 -->
