<?xml version="1.0" encoding="UTF-8"?>
<!-- Generated by org.testng.reporters.JUnitReportReporter -->
<testsuite hostname="DESKTOP-MDQHQAV" name="test.carLoanTCDataProvider" tests="4" failures="0" timestamp="21 Mar 2019 18:27:41 GMT" time="0.007" errors="0">
  <testcase name="APILoginCarLoan" time="0.002" classname="test.carLoanTCDataProvider"/>
  <testcase name="WebLoginCarloan" time="0.002" classname="test.carLoanTCDataProvider"/>
  <testcase name="WebLoginCarloan" time="0.002" classname="test.carLoanTCDataProvider"/>
  <testcase name="WebLoginCarloan" time="0.001" classname="test.carLoanTCDataProvider"/>
</testsuite> <!-- test.carLoanTCDataProvider -->
