<?xml version="1.0" encoding="UTF-8"?>
<!-- Generated by org.testng.reporters.JUnitReportReporter -->
<testsuite hostname="DESKTOP-MDQHQAV" name="test.globalParams" tests="1" failures="0" timestamp="8 Mar 2019 19:22:34 GMT" time="34.917" errors="0">
  <testcase name="Login" time="34.917" classname="test.globalParams"/>
</testsuite> <!-- test.globalParams -->
