<?xml version="1.0" encoding="UTF-8"?>
<!-- Generated by org.testng.reporters.JUnitReportReporter -->
<testsuite hostname="DESKTOP-MDQHQAV" name="arunacademy.HomePage" tests="2" failures="0" timestamp="28 Mar 2019 18:37:01 GMT" time="12.242" errors="0">
  <testcase name="basePageNavigation" time="8.114" classname="arunacademy.HomePage"/>
  <testcase name="basePageNavigation" time="4.128" classname="arunacademy.HomePage"/>
</testsuite> <!-- arunacademy.HomePage -->
