<?xml version="1.0" encoding="UTF-8"?>
<!-- Generated by org.testng.reporters.JUnitReportReporter -->
<testsuite hostname="DESKTOP-MDQHQAV" name="arunacademy.validationNavigationBar" tests="1" failures="0" timestamp="28 Mar 2019 18:37:01 GMT" time="0.063" errors="0">
  <testcase name="basePageNavigation" time="0.063" classname="arunacademy.validationNavigationBar"/>
</testsuite> <!-- arunacademy.validationNavigationBar -->
