<?xml version="1.0" encoding="UTF-8"?>
<!-- Generated by org.testng.reporters.JUnitReportReporter -->
<testsuite skipped="0" hostname="DESKTOP-MDQHQAV" name="qaclickarun.AppiumTest" tests="2" failures="0" timestamp="23 Mar 2019 17:08:55 GMT" time="0.000" errors="0">
  <testcase name="NavigateAppAndroid" time="0.000" classname="qaclickarun.AppiumTest"/>
  <testcase name="IOSApps" time="0.000" classname="qaclickarun.AppiumTest"/>
</testsuite> <!-- qaclickarun.AppiumTest -->
