<?xml version="1.0" encoding="UTF-8"?>
<!-- Generated by org.testng.reporters.JUnitReportReporter -->
<testsuite skipped="0" hostname="DESKTOP-MDQHQAV" name="qaclickarun.SeleniumTest" tests="2" failures="0" timestamp="23 Mar 2019 17:08:55 GMT" time="0.000" errors="0">
  <testcase name="browserAutomation" time="0.000" classname="qaclickarun.SeleniumTest"/>
  <testcase name="elemntsUI" time="0.000" classname="qaclickarun.SeleniumTest"/>
</testsuite> <!-- qaclickarun.SeleniumTest -->
