<?xml version="1.0" encoding="UTF-8"?>
<!-- Generated by org.testng.reporters.JUnitReportReporter -->
<testsuite hostname="DESKTOP-MDQHQAV" name="Testcases.Loginapplication" tests="1" failures="0" timestamp="28 Mar 2019 06:34:00 GMT" time="18.799" errors="0">
  <testcase name="Login" time="18.799" classname="Testcases.Loginapplication"/>
</testsuite> <!-- Testcases.Loginapplication -->
